{"name": "test_summ_par[22]", "status": "failed", "statusDetails": {"message": "AssertionError: assert 24 == 4", "trace": "s_session = Ellipsis, s_test = Ellipsis, numb = 22\n\n    @pytest.mark.parametrize(\n        'numb',\n        [2, 4, 22]\n    )\n    @pytest.mark.hard\n    def test_summ_par(s_session, s_test, numb):\n        result = 2 + numb\n>       assert result == 4\nE       assert 24 == 4\n\ntest_pytest_1.py:43: AssertionError"}, "parameters": [{"name": "numb", "value": "22"}], "start": 1686941097295, "stop": 1686941097296, "uuid": "bc8e2266-16b9-43ce-9b29-5a98f3c7da39", "historyId": "97a819f87e8d549a0c4bd00d418a37d3", "testCaseId": "05682d9079296c7ae67a0a5c91ac2fcd", "fullName": "test_pytest_1#test_summ_par", "labels": [{"name": "tag", "value": "hard"}, {"name": "suite", "value": "test_pytest_1"}, {"name": "host", "value": "MacBook-Air-Vladislav.local"}, {"name": "thread", "value": "81107-MainThread"}, {"name": "framework", "value": "pytest"}, {"name": "language", "value": "cpython3"}, {"name": "package", "value": "test_pytest_1"}]}