{"name": "test_summ_par[4]", "status": "failed", "statusDetails": {"message": "AssertionError: assert 6 == 4", "trace": "s_session = Ellipsis, s_test = Ellipsis, numb = 4\n\n    @pytest.mark.parametrize(\n        'numb',\n        [2, 4, 22]\n    )\n    @pytest.mark.hard\n    def test_summ_par(s_session, s_test, numb):\n        result = 2 + numb\n>       assert result == 4\nE       assert 6 == 4\n\ntest_pytest_1.py:43: AssertionError"}, "parameters": [{"name": "numb", "value": "4"}], "start": 1686941097163, "stop": 1686941097166, "uuid": "f83b8aed-7d44-4b97-af68-32e811b76a0e", "historyId": "2d4048cd5a83497ed9dc7910f2c94c11", "testCaseId": "05682d9079296c7ae67a0a5c91ac2fcd", "fullName": "test_pytest_1#test_summ_par", "labels": [{"name": "tag", "value": "hard"}, {"name": "suite", "value": "test_pytest_1"}, {"name": "host", "value": "MacBook-Air-Vladislav.local"}, {"name": "thread", "value": "81107-MainThread"}, {"name": "framework", "value": "pytest"}, {"name": "language", "value": "cpython3"}, {"name": "package", "value": "test_pytest_1"}]}